ketech - 2019-06-21 15:56:27 - Starting UserServiceTest on DESKTOP-PVMLU4I with PID 30412 (started by admin in D:\IT_study\all_demo\springboot-redis)
ketech - 2019-06-21 15:56:27 - The following profiles are active: dev
ketech - 2019-06-21 15:56:29 - Multiple Spring Data modules found, entering strict repository configuration mode!
ketech - 2019-06-21 15:56:29 - Bootstrapping Spring Data repositories in DEFAULT mode.
ketech - 2019-06-21 15:56:29 - Finished Spring Data repository scanning in 37ms. Found 0 repository interfaces.
ketech - 2019-06-21 15:56:30 - Bean 'redisConfig' of type [com.jing.redis.config.RedisConfig$$EnhancerBySpringCGLIB$$a9c1196d] is not eligible for getting processed by all BeanPostProcessors (for example: not eligible for auto-proxying)
ketech - 2019-06-21 15:56:30 - Bean 'org.springframework.transaction.annotation.ProxyTransactionManagementConfiguration' of type [org.springframework.transaction.annotation.ProxyTransactionManagementConfiguration$$EnhancerBySpringCGLIB$$5b4baffb] is not eligible for getting processed by all BeanPostProcessors (for example: not eligible for auto-proxying)
ketech - 2019-06-21 15:56:33 - Initializing ExecutorService 'applicationTaskExecutor'
ketech - 2019-06-21 15:56:34 - Started UserServiceTest in 8.191 seconds (JVM running for 10.243)
ketech - 2019-06-21 15:56:35 - Shutting down ExecutorService 'applicationTaskExecutor'
ketech - 2019-06-21 15:57:48 - Starting UserServiceTest on DESKTOP-PVMLU4I with PID 29124 (started by admin in D:\IT_study\all_demo\springboot-redis)
ketech - 2019-06-21 15:57:48 - The following profiles are active: dev
ketech - 2019-06-21 15:57:49 - Multiple Spring Data modules found, entering strict repository configuration mode!
ketech - 2019-06-21 15:57:49 - Bootstrapping Spring Data repositories in DEFAULT mode.
ketech - 2019-06-21 15:57:49 - Finished Spring Data repository scanning in 21ms. Found 0 repository interfaces.
ketech - 2019-06-21 15:57:50 - Bean 'redisConfig' of type [com.jing.redis.config.RedisConfig$$EnhancerBySpringCGLIB$$91bf42af] is not eligible for getting processed by all BeanPostProcessors (for example: not eligible for auto-proxying)
ketech - 2019-06-21 15:57:50 - Bean 'org.springframework.transaction.annotation.ProxyTransactionManagementConfiguration' of type [org.springframework.transaction.annotation.ProxyTransactionManagementConfiguration$$EnhancerBySpringCGLIB$$4349d93d] is not eligible for getting processed by all BeanPostProcessors (for example: not eligible for auto-proxying)
ketech - 2019-06-21 15:57:53 - Initializing ExecutorService 'applicationTaskExecutor'
ketech - 2019-06-21 15:57:54 - Started UserServiceTest in 7.647 seconds (JVM running for 9.362)
ketech - 2019-06-21 15:57:55 - Shutting down ExecutorService 'applicationTaskExecutor'
ketech - 2019-06-21 15:58:27 - Starting UserServiceTest on DESKTOP-PVMLU4I with PID 29548 (started by admin in D:\IT_study\all_demo\springboot-redis)
ketech - 2019-06-21 15:58:27 - The following profiles are active: dev
ketech - 2019-06-21 15:58:29 - Multiple Spring Data modules found, entering strict repository configuration mode!
ketech - 2019-06-21 15:58:29 - Bootstrapping Spring Data repositories in DEFAULT mode.
ketech - 2019-06-21 15:58:29 - Finished Spring Data repository scanning in 93ms. Found 0 repository interfaces.
ketech - 2019-06-21 15:58:30 - Bean 'redisConfig' of type [com.jing.redis.config.RedisConfig$$EnhancerBySpringCGLIB$$27f6dc9f] is not eligible for getting processed by all BeanPostProcessors (for example: not eligible for auto-proxying)
ketech - 2019-06-21 15:58:30 - Bean 'org.springframework.transaction.annotation.ProxyTransactionManagementConfiguration' of type [org.springframework.transaction.annotation.ProxyTransactionManagementConfiguration$$EnhancerBySpringCGLIB$$d981732d] is not eligible for getting processed by all BeanPostProcessors (for example: not eligible for auto-proxying)
ketech - 2019-06-21 15:58:33 - Initializing ExecutorService 'applicationTaskExecutor'
ketech - 2019-06-21 15:58:35 - Started UserServiceTest in 8.916 seconds (JVM running for 10.462)
ketech - 2019-06-21 15:58:36 - Starting without optional epoll library
ketech - 2019-06-21 15:58:36 - Starting without optional kqueue library
ketech - 2019-06-21 15:58:37 - HikariPool-1 - Starting...
ketech - 2019-06-21 15:58:38 - HikariPool-1 - Start completed.
ketech - 2019-06-21 15:58:38 - UsersDTO(id=1, username=tom, password=1, permission=add)
ketech - 2019-06-21 15:58:38 - 获得的用户信息是:UsersDTO(id=1, username=tom, password=1, permission=add)
ketech - 2019-06-21 15:58:38 - Shutting down ExecutorService 'applicationTaskExecutor'
ketech - 2019-06-21 15:58:40 - HikariPool-1 - Shutdown initiated...
ketech - 2019-06-21 15:58:40 - HikariPool-1 - Shutdown completed.
ketech - 2019-06-21 15:59:11 - Starting UserServiceTest on DESKTOP-PVMLU4I with PID 928 (started by admin in D:\IT_study\all_demo\springboot-redis)
ketech - 2019-06-21 15:59:11 - The following profiles are active: dev
ketech - 2019-06-21 15:59:13 - Multiple Spring Data modules found, entering strict repository configuration mode!
ketech - 2019-06-21 15:59:13 - Bootstrapping Spring Data repositories in DEFAULT mode.
ketech - 2019-06-21 15:59:13 - Finished Spring Data repository scanning in 24ms. Found 0 repository interfaces.
ketech - 2019-06-21 15:59:13 - Bean 'redisConfig' of type [com.jing.redis.config.RedisConfig$$EnhancerBySpringCGLIB$$27f6dc9f] is not eligible for getting processed by all BeanPostProcessors (for example: not eligible for auto-proxying)
ketech - 2019-06-21 15:59:13 - Bean 'org.springframework.transaction.annotation.ProxyTransactionManagementConfiguration' of type [org.springframework.transaction.annotation.ProxyTransactionManagementConfiguration$$EnhancerBySpringCGLIB$$d981732d] is not eligible for getting processed by all BeanPostProcessors (for example: not eligible for auto-proxying)
ketech - 2019-06-21 15:59:16 - Initializing ExecutorService 'applicationTaskExecutor'
ketech - 2019-06-21 15:59:17 - Started UserServiceTest in 7.12 seconds (JVM running for 8.649)
ketech - 2019-06-21 15:59:17 - Starting without optional epoll library
ketech - 2019-06-21 15:59:17 - Starting without optional kqueue library
ketech - 2019-06-21 15:59:18 - 获得的用户信息是:UsersDTO(id=1, username=tom, password=1, permission=add)
ketech - 2019-06-21 15:59:18 - Shutting down ExecutorService 'applicationTaskExecutor'
ketech - 2019-06-21 16:00:37 - Starting UserServiceTest on DESKTOP-PVMLU4I with PID 15736 (started by admin in D:\IT_study\all_demo\springboot-redis)
ketech - 2019-06-21 16:00:37 - The following profiles are active: dev
ketech - 2019-06-21 16:00:39 - Multiple Spring Data modules found, entering strict repository configuration mode!
ketech - 2019-06-21 16:00:39 - Bootstrapping Spring Data repositories in DEFAULT mode.
ketech - 2019-06-21 16:00:39 - Finished Spring Data repository scanning in 39ms. Found 0 repository interfaces.
ketech - 2019-06-21 16:00:39 - Bean 'redisConfig' of type [com.jing.redis.config.RedisConfig$$EnhancerBySpringCGLIB$$796618cf] is not eligible for getting processed by all BeanPostProcessors (for example: not eligible for auto-proxying)
ketech - 2019-06-21 16:00:39 - Bean 'org.springframework.transaction.annotation.ProxyTransactionManagementConfiguration' of type [org.springframework.transaction.annotation.ProxyTransactionManagementConfiguration$$EnhancerBySpringCGLIB$$2af0af5d] is not eligible for getting processed by all BeanPostProcessors (for example: not eligible for auto-proxying)
ketech - 2019-06-21 16:00:42 - Initializing ExecutorService 'applicationTaskExecutor'
ketech - 2019-06-21 16:00:43 - Started UserServiceTest in 6.213 seconds (JVM running for 7.765)
ketech - 2019-06-21 16:00:43 - Starting without optional epoll library
ketech - 2019-06-21 16:00:43 - Starting without optional kqueue library
ketech - 2019-06-21 16:00:44 - HikariPool-1 - Starting...
ketech - 2019-06-21 16:00:45 - HikariPool-1 - Start completed.
ketech - 2019-06-21 16:00:45 - UsersDTO(id=1, username=tom, password=1, permission=add)
ketech - 2019-06-21 16:00:45 - 获得的用户信息是:UsersDTO(id=1, username=tom, password=1, permission=add)
ketech - 2019-06-21 16:00:45 - Shutting down ExecutorService 'applicationTaskExecutor'
ketech - 2019-06-21 16:00:46 - HikariPool-1 - Shutdown initiated...
ketech - 2019-06-21 16:00:46 - HikariPool-1 - Shutdown completed.
ketech - 2019-06-21 16:01:13 - Starting UserServiceTest on DESKTOP-PVMLU4I with PID 23208 (started by admin in D:\IT_study\all_demo\springboot-redis)
ketech - 2019-06-21 16:01:13 - The following profiles are active: dev
ketech - 2019-06-21 16:01:14 - Multiple Spring Data modules found, entering strict repository configuration mode!
ketech - 2019-06-21 16:01:14 - Bootstrapping Spring Data repositories in DEFAULT mode.
ketech - 2019-06-21 16:01:14 - Finished Spring Data repository scanning in 29ms. Found 0 repository interfaces.
ketech - 2019-06-21 16:01:15 - Bean 'redisConfig' of type [com.jing.redis.config.RedisConfig$$EnhancerBySpringCGLIB$$71742f74] is not eligible for getting processed by all BeanPostProcessors (for example: not eligible for auto-proxying)
ketech - 2019-06-21 16:01:15 - Bean 'org.springframework.transaction.annotation.ProxyTransactionManagementConfiguration' of type [org.springframework.transaction.annotation.ProxyTransactionManagementConfiguration$$EnhancerBySpringCGLIB$$22fec602] is not eligible for getting processed by all BeanPostProcessors (for example: not eligible for auto-proxying)
ketech - 2019-06-21 16:01:18 - Initializing ExecutorService 'applicationTaskExecutor'
ketech - 2019-06-21 16:01:19 - Started UserServiceTest in 7.942 seconds (JVM running for 9.937)
ketech - 2019-06-21 16:01:20 - Starting without optional epoll library
ketech - 2019-06-21 16:01:20 - Starting without optional kqueue library
ketech - 2019-06-21 16:01:28 - HikariPool-1 - Starting...
ketech - 2019-06-21 16:01:31 - HikariPool-1 - Start completed.
ketech - 2019-06-21 16:01:35 - UsersDTO(id=1, username=tom, password=1, permission=add)
ketech - 2019-06-21 16:01:35 - 获得的用户信息是:UsersDTO(id=1, username=tom, password=1, permission=add)
ketech - 2019-06-21 16:01:35 - Shutting down ExecutorService 'applicationTaskExecutor'
ketech - 2019-06-21 16:01:37 - HikariPool-1 - Shutdown initiated...
ketech - 2019-06-21 16:01:37 - HikariPool-1 - Shutdown completed.
ketech - 2019-06-21 16:01:45 - Starting UserServiceTest on DESKTOP-PVMLU4I with PID 2992 (started by admin in D:\IT_study\all_demo\springboot-redis)
ketech - 2019-06-21 16:01:45 - The following profiles are active: dev
ketech - 2019-06-21 16:01:46 - Multiple Spring Data modules found, entering strict repository configuration mode!
ketech - 2019-06-21 16:01:46 - Bootstrapping Spring Data repositories in DEFAULT mode.
ketech - 2019-06-21 16:01:46 - Finished Spring Data repository scanning in 29ms. Found 0 repository interfaces.
ketech - 2019-06-21 16:01:47 - Bean 'redisConfig' of type [com.jing.redis.config.RedisConfig$$EnhancerBySpringCGLIB$$d57a270d] is not eligible for getting processed by all BeanPostProcessors (for example: not eligible for auto-proxying)
ketech - 2019-06-21 16:01:47 - Bean 'org.springframework.transaction.annotation.ProxyTransactionManagementConfiguration' of type [org.springframework.transaction.annotation.ProxyTransactionManagementConfiguration$$EnhancerBySpringCGLIB$$8704bd9b] is not eligible for getting processed by all BeanPostProcessors (for example: not eligible for auto-proxying)
ketech - 2019-06-21 16:01:50 - Initializing ExecutorService 'applicationTaskExecutor'
ketech - 2019-06-21 16:01:51 - Started UserServiceTest in 7.501 seconds (JVM running for 9.349)
ketech - 2019-06-21 16:01:52 - Starting without optional epoll library
ketech - 2019-06-21 16:01:52 - Starting without optional kqueue library
ketech - 2019-06-21 16:01:53 - 获得的用户信息是:UsersDTO(id=1, username=tom, password=1, permission=add)
ketech - 2019-06-21 16:01:53 - Shutting down ExecutorService 'applicationTaskExecutor'
ketech - 2019-06-21 16:02:10 - Starting UserServiceTest on DESKTOP-PVMLU4I with PID 15724 (started by admin in D:\IT_study\all_demo\springboot-redis)
ketech - 2019-06-21 16:02:10 - The following profiles are active: dev
ketech - 2019-06-21 16:02:12 - Multiple Spring Data modules found, entering strict repository configuration mode!
ketech - 2019-06-21 16:02:12 - Bootstrapping Spring Data repositories in DEFAULT mode.
ketech - 2019-06-21 16:02:12 - Finished Spring Data repository scanning in 29ms. Found 0 repository interfaces.
ketech - 2019-06-21 16:02:12 - Bean 'redisConfig' of type [com.jing.redis.config.RedisConfig$$EnhancerBySpringCGLIB$$e1f7aea] is not eligible for getting processed by all BeanPostProcessors (for example: not eligible for auto-proxying)
ketech - 2019-06-21 16:02:12 - Bean 'org.springframework.transaction.annotation.ProxyTransactionManagementConfiguration' of type [org.springframework.transaction.annotation.ProxyTransactionManagementConfiguration$$EnhancerBySpringCGLIB$$bfaa1178] is not eligible for getting processed by all BeanPostProcessors (for example: not eligible for auto-proxying)
ketech - 2019-06-21 16:02:15 - Initializing ExecutorService 'applicationTaskExecutor'
ketech - 2019-06-21 16:02:17 - Started UserServiceTest in 7.584 seconds (JVM running for 9.451)
ketech - 2019-06-21 16:02:17 - Starting without optional epoll library
ketech - 2019-06-21 16:02:17 - Starting without optional kqueue library
ketech - 2019-06-21 16:02:18 - 获得的用户信息是:UsersDTO(id=1, username=tom, password=1, permission=add)
ketech - 2019-06-21 16:02:18 - Shutting down ExecutorService 'applicationTaskExecutor'
ketech - 2019-06-21 16:03:46 - Starting UserServiceTest on DESKTOP-PVMLU4I with PID 22408 (started by admin in D:\IT_study\all_demo\springboot-redis)
ketech - 2019-06-21 16:03:46 - The following profiles are active: dev
ketech - 2019-06-21 16:03:47 - Multiple Spring Data modules found, entering strict repository configuration mode!
ketech - 2019-06-21 16:03:47 - Bootstrapping Spring Data repositories in DEFAULT mode.
ketech - 2019-06-21 16:03:47 - Finished Spring Data repository scanning in 24ms. Found 0 repository interfaces.
ketech - 2019-06-21 16:03:48 - Bean 'redisConfig' of type [com.jing.redis.config.RedisConfig$$EnhancerBySpringCGLIB$$fb016537] is not eligible for getting processed by all BeanPostProcessors (for example: not eligible for auto-proxying)
ketech - 2019-06-21 16:03:48 - Bean 'org.springframework.transaction.annotation.ProxyTransactionManagementConfiguration' of type [org.springframework.transaction.annotation.ProxyTransactionManagementConfiguration$$EnhancerBySpringCGLIB$$ac8bfbc5] is not eligible for getting processed by all BeanPostProcessors (for example: not eligible for auto-proxying)
ketech - 2019-06-21 16:03:50 - Initializing ExecutorService 'applicationTaskExecutor'
ketech - 2019-06-21 16:03:51 - Started UserServiceTest in 6.871 seconds (JVM running for 8.539)
ketech - 2019-06-21 16:03:52 - Starting without optional epoll library
ketech - 2019-06-21 16:03:52 - Starting without optional kqueue library
ketech - 2019-06-21 16:03:53 - HikariPool-1 - Starting...
ketech - 2019-06-21 16:03:54 - HikariPool-1 - Start completed.
ketech - 2019-06-21 16:03:55 - UsersDTO(id=1, username=tom, password=1, permission=add)
ketech - 2019-06-21 16:03:55 - 获得的用户信息是:UsersDTO(id=1, username=tom, password=1, permission=add)
ketech - 2019-06-21 16:03:55 - Shutting down ExecutorService 'applicationTaskExecutor'
ketech - 2019-06-21 16:03:56 - HikariPool-1 - Shutdown initiated...
ketech - 2019-06-21 16:03:56 - HikariPool-1 - Shutdown completed.
ketech - 2019-06-21 16:05:22 - Starting UserServiceTest on DESKTOP-PVMLU4I with PID 6692 (started by admin in D:\IT_study\all_demo\springboot-redis)
ketech - 2019-06-21 16:05:22 - The following profiles are active: dev
ketech - 2019-06-21 16:05:24 - Multiple Spring Data modules found, entering strict repository configuration mode!
ketech - 2019-06-21 16:05:24 - Bootstrapping Spring Data repositories in DEFAULT mode.
ketech - 2019-06-21 16:05:24 - Finished Spring Data repository scanning in 28ms. Found 0 repository interfaces.
ketech - 2019-06-21 16:05:24 - Bean 'redisConfig' of type [com.jing.redis.config.RedisConfig$$EnhancerBySpringCGLIB$$20874f10] is not eligible for getting processed by all BeanPostProcessors (for example: not eligible for auto-proxying)
ketech - 2019-06-21 16:05:24 - Bean 'org.springframework.transaction.annotation.ProxyTransactionManagementConfiguration' of type [org.springframework.transaction.annotation.ProxyTransactionManagementConfiguration$$EnhancerBySpringCGLIB$$d211e59e] is not eligible for getting processed by all BeanPostProcessors (for example: not eligible for auto-proxying)
ketech - 2019-06-21 16:05:27 - Initializing ExecutorService 'applicationTaskExecutor'
ketech - 2019-06-21 16:05:29 - Started UserServiceTest in 7.706 seconds (JVM running for 9.57)
ketech - 2019-06-21 16:05:29 - Starting without optional epoll library
ketech - 2019-06-21 16:05:29 - Starting without optional kqueue library
ketech - 2019-06-21 16:05:30 - HikariPool-1 - Starting...
ketech - 2019-06-21 16:05:32 - HikariPool-1 - Start completed.
ketech - 2019-06-21 16:05:32 - UsersDTO(id=1, username=tom, password=1, permission=add)
ketech - 2019-06-21 16:05:32 - 获得的用户信息是:UsersDTO(id=1, username=tom, password=1, permission=add)
ketech - 2019-06-21 16:05:32 - Shutting down ExecutorService 'applicationTaskExecutor'
ketech - 2019-06-21 16:05:33 - HikariPool-1 - Shutdown initiated...
ketech - 2019-06-21 16:05:33 - HikariPool-1 - Shutdown completed.
ketech - 2019-06-21 16:07:22 - Starting UserServiceTest on DESKTOP-PVMLU4I with PID 5936 (started by admin in D:\IT_study\all_demo\springboot-redis)
ketech - 2019-06-21 16:07:22 - The following profiles are active: dev
ketech - 2019-06-21 16:07:23 - Multiple Spring Data modules found, entering strict repository configuration mode!
ketech - 2019-06-21 16:07:23 - Bootstrapping Spring Data repositories in DEFAULT mode.
ketech - 2019-06-21 16:07:23 - Finished Spring Data repository scanning in 23ms. Found 0 repository interfaces.
ketech - 2019-06-21 16:07:24 - Bean 'redisConfig' of type [com.jing.redis.config.RedisConfig$$EnhancerBySpringCGLIB$$54f229d7] is not eligible for getting processed by all BeanPostProcessors (for example: not eligible for auto-proxying)
ketech - 2019-06-21 16:07:24 - Bean 'org.springframework.transaction.annotation.ProxyTransactionManagementConfiguration' of type [org.springframework.transaction.annotation.ProxyTransactionManagementConfiguration$$EnhancerBySpringCGLIB$$67cc065] is not eligible for getting processed by all BeanPostProcessors (for example: not eligible for auto-proxying)
ketech - 2019-06-21 16:07:27 - Initializing ExecutorService 'applicationTaskExecutor'
ketech - 2019-06-21 16:07:28 - Started UserServiceTest in 7.051 seconds (JVM running for 8.834)
ketech - 2019-06-21 16:07:28 - Starting without optional epoll library
ketech - 2019-06-21 16:07:28 - Starting without optional kqueue library
ketech - 2019-06-21 16:07:29 - Shutting down ExecutorService 'applicationTaskExecutor'
ketech - 2019-06-21 16:08:23 - Starting UserServiceTest on DESKTOP-PVMLU4I with PID 28592 (started by admin in D:\IT_study\all_demo\springboot-redis)
ketech - 2019-06-21 16:08:23 - The following profiles are active: dev
ketech - 2019-06-21 16:08:25 - Multiple Spring Data modules found, entering strict repository configuration mode!
ketech - 2019-06-21 16:08:25 - Bootstrapping Spring Data repositories in DEFAULT mode.
ketech - 2019-06-21 16:08:25 - Finished Spring Data repository scanning in 30ms. Found 0 repository interfaces.
ketech - 2019-06-21 16:08:25 - Bean 'redisConfig' of type [com.jing.redis.config.RedisConfig$$EnhancerBySpringCGLIB$$5219c17a] is not eligible for getting processed by all BeanPostProcessors (for example: not eligible for auto-proxying)
ketech - 2019-06-21 16:08:26 - Bean 'org.springframework.transaction.annotation.ProxyTransactionManagementConfiguration' of type [org.springframework.transaction.annotation.ProxyTransactionManagementConfiguration$$EnhancerBySpringCGLIB$$3a45808] is not eligible for getting processed by all BeanPostProcessors (for example: not eligible for auto-proxying)
ketech - 2019-06-21 16:08:28 - Initializing ExecutorService 'applicationTaskExecutor'
ketech - 2019-06-21 16:08:29 - Started UserServiceTest in 7.404 seconds (JVM running for 9.021)
ketech - 2019-06-21 16:08:30 - Starting without optional epoll library
ketech - 2019-06-21 16:08:30 - Starting without optional kqueue library
ketech - 2019-06-21 16:08:31 - HikariPool-1 - Starting...
ketech - 2019-06-21 16:08:32 - HikariPool-1 - Start completed.
ketech - 2019-06-21 16:08:32 - UsersDTO(id=1, username=tom, password=1, permission=add)
ketech - 2019-06-21 16:08:32 - 获得的用户信息是:UsersDTO(id=1, username=tom, password=1, permission=add)
ketech - 2019-06-21 16:08:32 - Shutting down ExecutorService 'applicationTaskExecutor'
ketech - 2019-06-21 16:08:33 - HikariPool-1 - Shutdown initiated...
ketech - 2019-06-21 16:08:34 - HikariPool-1 - Shutdown completed.
ketech - 2019-06-21 16:12:24 - Starting UserServiceTest on DESKTOP-PVMLU4I with PID 16540 (started by admin in D:\IT_study\all_demo\springboot-redis)
ketech - 2019-06-21 16:12:24 - The following profiles are active: dev
ketech - 2019-06-21 16:12:26 - Multiple Spring Data modules found, entering strict repository configuration mode!
ketech - 2019-06-21 16:12:26 - Bootstrapping Spring Data repositories in DEFAULT mode.
ketech - 2019-06-21 16:12:26 - Finished Spring Data repository scanning in 25ms. Found 0 repository interfaces.
ketech - 2019-06-21 16:12:26 - Bean 'redisConfig' of type [com.jing.redis.config.RedisConfig$$EnhancerBySpringCGLIB$$8f354f4d] is not eligible for getting processed by all BeanPostProcessors (for example: not eligible for auto-proxying)
ketech - 2019-06-21 16:12:26 - Bean 'org.springframework.transaction.annotation.ProxyTransactionManagementConfiguration' of type [org.springframework.transaction.annotation.ProxyTransactionManagementConfiguration$$EnhancerBySpringCGLIB$$40bfe5db] is not eligible for getting processed by all BeanPostProcessors (for example: not eligible for auto-proxying)
ketech - 2019-06-21 16:12:29 - Initializing ExecutorService 'applicationTaskExecutor'
ketech - 2019-06-21 16:12:31 - Started UserServiceTest in 7.61 seconds (JVM running for 9.784)
ketech - 2019-06-21 16:12:31 - Starting without optional epoll library
ketech - 2019-06-21 16:12:31 - Starting without optional kqueue library
ketech - 2019-06-21 16:12:33 - HikariPool-1 - Starting...
ketech - 2019-06-21 16:12:34 - HikariPool-1 - Start completed.
ketech - 2019-06-21 16:12:34 - UsersDTO(id=1, username=tom, password=1, permission=add)
ketech - 2019-06-21 16:12:34 - 获得的用户信息是:UsersDTO(id=1, username=tom, password=1, permission=add)
ketech - 2019-06-21 16:12:34 - Shutting down ExecutorService 'applicationTaskExecutor'
ketech - 2019-06-21 16:12:35 - HikariPool-1 - Shutdown initiated...
ketech - 2019-06-21 16:12:35 - HikariPool-1 - Shutdown completed.
ketech - 2019-06-21 16:13:06 - Starting UserServiceTest on DESKTOP-PVMLU4I with PID 1892 (started by admin in D:\IT_study\all_demo\springboot-redis)
ketech - 2019-06-21 16:13:06 - The following profiles are active: dev
ketech - 2019-06-21 16:13:08 - Multiple Spring Data modules found, entering strict repository configuration mode!
ketech - 2019-06-21 16:13:08 - Bootstrapping Spring Data repositories in DEFAULT mode.
ketech - 2019-06-21 16:13:08 - Finished Spring Data repository scanning in 26ms. Found 0 repository interfaces.
ketech - 2019-06-21 16:13:09 - Bean 'redisConfig' of type [com.jing.redis.config.RedisConfig$$EnhancerBySpringCGLIB$$663430cc] is not eligible for getting processed by all BeanPostProcessors (for example: not eligible for auto-proxying)
ketech - 2019-06-21 16:13:09 - Bean 'org.springframework.transaction.annotation.ProxyTransactionManagementConfiguration' of type [org.springframework.transaction.annotation.ProxyTransactionManagementConfiguration$$EnhancerBySpringCGLIB$$17bec75a] is not eligible for getting processed by all BeanPostProcessors (for example: not eligible for auto-proxying)
ketech - 2019-06-21 16:13:11 - Initializing ExecutorService 'applicationTaskExecutor'
ketech - 2019-06-21 16:13:12 - Started UserServiceTest in 7.273 seconds (JVM running for 9.421)
ketech - 2019-06-21 16:13:13 - Starting without optional epoll library
ketech - 2019-06-21 16:13:13 - Starting without optional kqueue library
ketech - 2019-06-21 16:13:14 - HikariPool-1 - Starting...
ketech - 2019-06-21 16:13:15 - HikariPool-1 - Start completed.
ketech - 2019-06-21 16:13:15 - UsersDTO(id=1, username=tom, password=1, permission=add)
ketech - 2019-06-21 16:13:15 - 获得的用户信息是:UsersDTO(id=1, username=tom, password=1, permission=add)
ketech - 2019-06-21 16:13:15 - Shutting down ExecutorService 'applicationTaskExecutor'
ketech - 2019-06-21 16:13:17 - HikariPool-1 - Shutdown initiated...
ketech - 2019-06-21 16:13:17 - HikariPool-1 - Shutdown completed.
ketech - 2019-06-21 16:13:34 - Starting UserServiceTest on DESKTOP-PVMLU4I with PID 29772 (started by admin in D:\IT_study\all_demo\springboot-redis)
ketech - 2019-06-21 16:13:34 - The following profiles are active: dev
ketech - 2019-06-21 16:13:35 - Multiple Spring Data modules found, entering strict repository configuration mode!
ketech - 2019-06-21 16:13:35 - Bootstrapping Spring Data repositories in DEFAULT mode.
ketech - 2019-06-21 16:13:35 - Finished Spring Data repository scanning in 24ms. Found 0 repository interfaces.
ketech - 2019-06-21 16:13:36 - Bean 'redisConfig' of type [com.jing.redis.config.RedisConfig$$EnhancerBySpringCGLIB$$2c93610a] is not eligible for getting processed by all BeanPostProcessors (for example: not eligible for auto-proxying)
ketech - 2019-06-21 16:13:36 - Bean 'org.springframework.transaction.annotation.ProxyTransactionManagementConfiguration' of type [org.springframework.transaction.annotation.ProxyTransactionManagementConfiguration$$EnhancerBySpringCGLIB$$de1df798] is not eligible for getting processed by all BeanPostProcessors (for example: not eligible for auto-proxying)
ketech - 2019-06-21 16:13:38 - Initializing ExecutorService 'applicationTaskExecutor'
ketech - 2019-06-21 16:13:39 - Started UserServiceTest in 6.293 seconds (JVM running for 7.731)
ketech - 2019-06-21 16:13:40 - Starting without optional epoll library
ketech - 2019-06-21 16:13:40 - Starting without optional kqueue library
ketech - 2019-06-21 16:13:41 - Shutting down ExecutorService 'applicationTaskExecutor'
ketech - 2019-06-21 16:14:25 - Starting UserServiceTest on DESKTOP-PVMLU4I with PID 29376 (started by admin in D:\IT_study\all_demo\springboot-redis)
ketech - 2019-06-21 16:14:25 - The following profiles are active: dev
ketech - 2019-06-21 16:14:26 - Multiple Spring Data modules found, entering strict repository configuration mode!
ketech - 2019-06-21 16:14:26 - Bootstrapping Spring Data repositories in DEFAULT mode.
ketech - 2019-06-21 16:14:26 - Finished Spring Data repository scanning in 25ms. Found 0 repository interfaces.
ketech - 2019-06-21 16:14:27 - Bean 'redisConfig' of type [com.jing.redis.config.RedisConfig$$EnhancerBySpringCGLIB$$91bf42af] is not eligible for getting processed by all BeanPostProcessors (for example: not eligible for auto-proxying)
ketech - 2019-06-21 16:14:27 - Bean 'org.springframework.transaction.annotation.ProxyTransactionManagementConfiguration' of type [org.springframework.transaction.annotation.ProxyTransactionManagementConfiguration$$EnhancerBySpringCGLIB$$4349d93d] is not eligible for getting processed by all BeanPostProcessors (for example: not eligible for auto-proxying)
ketech - 2019-06-21 16:14:29 - Initializing ExecutorService 'applicationTaskExecutor'
ketech - 2019-06-21 16:14:30 - Started UserServiceTest in 6.423 seconds (JVM running for 8.297)
ketech - 2019-06-21 16:14:31 - Starting without optional epoll library
ketech - 2019-06-21 16:14:31 - Starting without optional kqueue library
ketech - 2019-06-21 16:14:32 - 获得的用户信息是:UsersDTO(id=1, username=tom, password=1, permission=add)
ketech - 2019-06-21 16:14:32 - Shutting down ExecutorService 'applicationTaskExecutor'
ketech - 2019-06-21 16:16:29 - Starting UserServiceTest on DESKTOP-PVMLU4I with PID 3104 (started by admin in D:\IT_study\all_demo\springboot-redis)
ketech - 2019-06-21 16:16:29 - The following profiles are active: dev
ketech - 2019-06-21 16:16:30 - Multiple Spring Data modules found, entering strict repository configuration mode!
ketech - 2019-06-21 16:16:30 - Bootstrapping Spring Data repositories in DEFAULT mode.
ketech - 2019-06-21 16:16:30 - Finished Spring Data repository scanning in 38ms. Found 0 repository interfaces.
ketech - 2019-06-21 16:16:31 - Bean 'redisConfig' of type [com.jing.redis.config.RedisConfig$$EnhancerBySpringCGLIB$$796618cf] is not eligible for getting processed by all BeanPostProcessors (for example: not eligible for auto-proxying)
ketech - 2019-06-21 16:16:31 - Bean 'org.springframework.transaction.annotation.ProxyTransactionManagementConfiguration' of type [org.springframework.transaction.annotation.ProxyTransactionManagementConfiguration$$EnhancerBySpringCGLIB$$2af0af5d] is not eligible for getting processed by all BeanPostProcessors (for example: not eligible for auto-proxying)
ketech - 2019-06-21 16:16:33 - Initializing ExecutorService 'applicationTaskExecutor'
ketech - 2019-06-21 16:16:34 - Started UserServiceTest in 6.279 seconds (JVM running for 7.89)
ketech - 2019-06-21 16:16:34 - Starting without optional epoll library
ketech - 2019-06-21 16:16:34 - Starting without optional kqueue library
ketech - 2019-06-21 16:16:35 - HikariPool-1 - Starting...
ketech - 2019-06-21 16:16:36 - HikariPool-1 - Start completed.
ketech - 2019-06-21 16:16:36 - UsersDTO(id=1, username=tom, password=1, permission=add)
ketech - 2019-06-21 16:16:36 - 获得的用户信息是:UsersDTO(id=1, username=tom, password=1, permission=add)
ketech - 2019-06-21 16:16:36 - Shutting down ExecutorService 'applicationTaskExecutor'
ketech - 2019-06-21 16:16:38 - HikariPool-1 - Shutdown initiated...
ketech - 2019-06-21 16:16:38 - HikariPool-1 - Shutdown completed.
ketech - 2019-06-21 16:16:48 - Starting UserServiceTest on DESKTOP-PVMLU4I with PID 16000 (started by admin in D:\IT_study\all_demo\springboot-redis)
ketech - 2019-06-21 16:16:48 - The following profiles are active: dev
ketech - 2019-06-21 16:16:49 - Multiple Spring Data modules found, entering strict repository configuration mode!
ketech - 2019-06-21 16:16:49 - Bootstrapping Spring Data repositories in DEFAULT mode.
ketech - 2019-06-21 16:16:49 - Finished Spring Data repository scanning in 38ms. Found 0 repository interfaces.
ketech - 2019-06-21 16:16:49 - Bean 'redisConfig' of type [com.jing.redis.config.RedisConfig$$EnhancerBySpringCGLIB$$27f6dc9f] is not eligible for getting processed by all BeanPostProcessors (for example: not eligible for auto-proxying)
ketech - 2019-06-21 16:16:49 - Bean 'org.springframework.transaction.annotation.ProxyTransactionManagementConfiguration' of type [org.springframework.transaction.annotation.ProxyTransactionManagementConfiguration$$EnhancerBySpringCGLIB$$d981732d] is not eligible for getting processed by all BeanPostProcessors (for example: not eligible for auto-proxying)
ketech - 2019-06-21 16:16:52 - Initializing ExecutorService 'applicationTaskExecutor'
ketech - 2019-06-21 16:16:53 - Started UserServiceTest in 6.114 seconds (JVM running for 7.684)
ketech - 2019-06-21 16:16:53 - Starting without optional epoll library
ketech - 2019-06-21 16:16:53 - Starting without optional kqueue library
ketech - 2019-06-21 16:16:54 - 获得的用户信息是:UsersDTO(id=1, username=tom, password=1, permission=add)
ketech - 2019-06-21 16:16:54 - Shutting down ExecutorService 'applicationTaskExecutor'
ketech - 2019-06-21 16:17:04 - Starting UserServiceTest on DESKTOP-PVMLU4I with PID 18500 (started by admin in D:\IT_study\all_demo\springboot-redis)
ketech - 2019-06-21 16:17:04 - The following profiles are active: dev
ketech - 2019-06-21 16:17:05 - Multiple Spring Data modules found, entering strict repository configuration mode!
ketech - 2019-06-21 16:17:05 - Bootstrapping Spring Data repositories in DEFAULT mode.
ketech - 2019-06-21 16:17:05 - Finished Spring Data repository scanning in 33ms. Found 0 repository interfaces.
ketech - 2019-06-21 16:17:06 - Bean 'redisConfig' of type [com.jing.redis.config.RedisConfig$$EnhancerBySpringCGLIB$$796618cf] is not eligible for getting processed by all BeanPostProcessors (for example: not eligible for auto-proxying)
ketech - 2019-06-21 16:17:06 - Bean 'org.springframework.transaction.annotation.ProxyTransactionManagementConfiguration' of type [org.springframework.transaction.annotation.ProxyTransactionManagementConfiguration$$EnhancerBySpringCGLIB$$2af0af5d] is not eligible for getting processed by all BeanPostProcessors (for example: not eligible for auto-proxying)
ketech - 2019-06-21 16:17:08 - Initializing ExecutorService 'applicationTaskExecutor'
ketech - 2019-06-21 16:17:09 - Started UserServiceTest in 6.143 seconds (JVM running for 7.524)
ketech - 2019-06-21 16:17:09 - Starting without optional epoll library
ketech - 2019-06-21 16:17:09 - Starting without optional kqueue library
ketech - 2019-06-21 16:17:10 - 获得的用户信息是:UsersDTO(id=1, username=tom, password=1, permission=add)
ketech - 2019-06-21 16:17:10 - Shutting down ExecutorService 'applicationTaskExecutor'
