ketech - 2019-06-19 17:37:03 - Starting SpringbootRedisApplication on DESKTOP-PVMLU4I with PID 9112 (D:\IT_study\all_demo\springboot-redis\target\classes started by admin in D:\IT_study\all_demo\springboot-redis)
ketech - 2019-06-19 17:37:03 - The following profiles are active: dev
ketech - 2019-06-19 17:37:03 - Devtools property defaults active! Set 'spring.devtools.add-properties' to 'false' to disable
ketech - 2019-06-19 17:37:03 - For additional web related logging consider setting the 'logging.level.web' property to 'DEBUG'
ketech - 2019-06-19 17:37:04 - Multiple Spring Data modules found, entering strict repository configuration mode!
ketech - 2019-06-19 17:37:04 - Bootstrapping Spring Data repositories in DEFAULT mode.
ketech - 2019-06-19 17:37:04 - Finished Spring Data repository scanning in 22ms. Found 0 repository interfaces.
ketech - 2019-06-19 17:37:05 - Bean 'redisConfig' of type [com.jing.redis.config.RedisConfig$$EnhancerBySpringCGLIB$$e59bd0ad] is not eligible for getting processed by all BeanPostProcessors (for example: not eligible for auto-proxying)
ketech - 2019-06-19 17:37:05 - Bean 'org.springframework.transaction.annotation.ProxyTransactionManagementConfiguration' of type [org.springframework.transaction.annotation.ProxyTransactionManagementConfiguration$$EnhancerBySpringCGLIB$$9726673b] is not eligible for getting processed by all BeanPostProcessors (for example: not eligible for auto-proxying)
ketech - 2019-06-19 17:37:06 - Tomcat initialized with port(s): 8002 (http)
ketech - 2019-06-19 17:37:06 - Initializing ProtocolHandler ["http-nio-8002"]
ketech - 2019-06-19 17:37:06 - Starting service [Tomcat]
ketech - 2019-06-19 17:37:06 - Starting Servlet engine: [Apache Tomcat/9.0.19]
ketech - 2019-06-19 17:37:06 - Initializing Spring embedded WebApplicationContext
ketech - 2019-06-19 17:37:06 - Root WebApplicationContext: initialization completed in 2899 ms
ketech - 2019-06-19 17:37:07 - Initializing ExecutorService 'applicationTaskExecutor'
ketech - 2019-06-19 17:37:08 - Unable to start LiveReload server
ketech - 2019-06-19 17:37:08 - Starting ProtocolHandler ["http-nio-8002"]
ketech - 2019-06-19 17:37:08 - Tomcat started on port(s): 8002 (http) with context path ''
ketech - 2019-06-19 17:37:08 - Started SpringbootRedisApplication in 5.569 seconds (JVM running for 6.534)
ketech - 2019-06-19 17:37:19 - Initializing Spring DispatcherServlet 'dispatcherServlet'
ketech - 2019-06-19 17:37:19 - Initializing Servlet 'dispatcherServlet'
ketech - 2019-06-19 17:37:19 - Completed initialization in 9 ms
ketech - 2019-06-19 17:37:19 - Starting without optional epoll library
ketech - 2019-06-19 17:37:19 - Starting without optional kqueue library
